2013.04.06 12:42 B C:\siti_web\app velomarche\images\gallery\08.jpg <-- velomarche /gallery 08.jpg
2013.04.06 12:42 B C:\siti_web\app velomarche\images\gallery\46.jpg <-- velomarche /gallery 46.jpg
2013.04.06 12:42 B C:\siti_web\app velomarche\images\gallery\_PAO2092.jpg <-- velomarche /gallery _PAO2092.jpg
2013.04.06 12:42 B C:\siti_web\app velomarche\images\gallery\_PAO2103.jpg <-- velomarche /gallery _PAO2103.jpg
2013.04.06 12:42 B C:\siti_web\app velomarche\images\gallery\_PAO2115.jpg <-- velomarche /gallery _PAO2115.jpg
2013.04.06 12:42 B C:\siti_web\app velomarche\images\gallery\_PAO2126.jpg <-- velomarche /gallery _PAO2126.jpg
2013.04.06 12:42 B C:\siti_web\app velomarche\images\gallery\_PAO2130.jpg <-- velomarche /gallery _PAO2130.jpg
2013.04.06 12:42 B C:\siti_web\app velomarche\images\gallery\_PAO2295.jpg <-- velomarche /gallery _PAO2295.jpg
2013.04.06 12:42 B C:\siti_web\app velomarche\images\gallery\_PAO2309.jpg <-- velomarche /gallery _PAO2309.jpg
2013.04.06 12:43 B C:\siti_web\app velomarche\images\gallery\BLADE.jpg <-- velomarche /gallery BLADE.jpg
2013.04.06 12:43 B C:\siti_web\app velomarche\images\gallery\graphic-bianca.jpg <-- velomarche /gallery graphic-bianca.jpg
2013.04.06 12:43 B C:\siti_web\app velomarche\images\gallery\graphic.jpg <-- velomarche /gallery graphic.jpg
2013.04.06 12:43 B C:\siti_web\app velomarche\images\gallery\hz-70-azzurra.jpg <-- velomarche /gallery hz-70-azzurra.jpg
2013.04.06 12:43 B C:\siti_web\app velomarche\images\gallery\hz-70.jpg <-- velomarche /gallery hz-70.jpg
2013.04.06 12:43 B C:\siti_web\app velomarche\images\gallery\index.html <-- velomarche /gallery index.html
2013.04.06 12:43 B C:\siti_web\app velomarche\images\gallery\index3.html <-- velomarche /gallery index3.html
2013.04.06 12:43 B C:\siti_web\app velomarche\images\gallery\monster-bianca-big-foot.jpg <-- velomarche /gallery monster-bianca-big-foot.jpg
2013.04.06 12:43 B C:\siti_web\app velomarche\images\gallery\moonstep-bianco.jpg <-- velomarche /gallery moonstep-bianco.jpg
2013.04.06 12:43 B C:\siti_web\app velomarche\images\gallery\moonster-bianco-ross.jpg <-- velomarche /gallery moonster-bianco-ross.jpg
2013.04.06 12:43 B C:\siti_web\app velomarche\images\gallery\moonster-nera-2.jpg <-- velomarche /gallery moonster-nera-2.jpg
2013.04.06 12:43 B C:\siti_web\app velomarche\images\gallery\moonster-nera-big-foot.jpg <-- velomarche /gallery moonster-nera-big-foot.jpg
2013.04.06 13:40 B C:\siti_web\app velomarche\images\gallery\C:\siti_web\velomarche\materiale 2012\2_100.pdf --> ftp.velomarche.it /materiale 2012 2_100.pdf
2013.04.06 13:44 B C:\siti_web\app velomarche\images\gallery\C:\siti_web\velomarche\materiale 2012\2_100.pdf --> ftp.velomarche.it /materiale 2012 2_100.pdf
